<?xml version="1.0" encoding="UTF-8"?>
<testsuites>
  <testsuite name="fastlane.lanes">
    
    
    
      
      <testcase classname="fastlane.lanes" name="0: default_platform" time="0.000159098">
        
      </testcase>
    
      
      <testcase classname="fastlane.lanes" name="1: publishToSonatype closeAndReleaseSonatypeStagingRepository" time="97.051127024">
        
          <failure message="/var/lib/gems/3.0.0/gems/fastlane-2.210.1/fastlane/lib/fastlane/actions/actions_helper.rb:67:in `execute_action&apos;&#10;/var/lib/gems/3.0.0/gems/fastlane-2.210.1/fastlane/lib/fastlane/runner.rb:255:in `block in execute_action&apos;&#10;/var/lib/gems/3.0.0/gems/fastlane-2.210.1/fastlane/lib/fastlane/runner.rb:229:in `chdir&apos;&#10;/var/lib/gems/3.0.0/gems/fastlane-2.210.1/fastlane/lib/fastlane/runner.rb:229:in `execute_action&apos;&#10;/var/lib/gems/3.0.0/gems/fastlane-2.210.1/fastlane/lib/fastlane/runner.rb:157:in `trigger_action_by_name&apos;&#10;/var/lib/gems/3.0.0/gems/fastlane-2.210.1/fastlane/lib/fastlane/fast_file.rb:159:in `method_missing&apos;&#10;Fastfile:22:in `block (2 levels) in parsing_binding&apos;&#10;/var/lib/gems/3.0.0/gems/fastlane-2.210.1/fastlane/lib/fastlane/lane.rb:33:in `call&apos;&#10;/var/lib/gems/3.0.0/gems/fastlane-2.210.1/fastlane/lib/fastlane/runner.rb:49:in `block in execute&apos;&#10;/var/lib/gems/3.0.0/gems/fastlane-2.210.1/fastlane/lib/fastlane/runner.rb:45:in `chdir&apos;&#10;/var/lib/gems/3.0.0/gems/fastlane-2.210.1/fastlane/lib/fastlane/runner.rb:45:in `execute&apos;&#10;/var/lib/gems/3.0.0/gems/fastlane-2.210.1/fastlane/lib/fastlane/lane_manager.rb:47:in `cruise_lane&apos;&#10;/var/lib/gems/3.0.0/gems/fastlane-2.210.1/fastlane/lib/fastlane/command_line_handler.rb:36:in `handle&apos;&#10;/var/lib/gems/3.0.0/gems/fastlane-2.210.1/fastlane/lib/fastlane/commands_generator.rb:110:in `block (2 levels) in run&apos;&#10;/var/lib/gems/3.0.0/gems/commander-4.6.0/lib/commander/command.rb:187:in `call&apos;&#10;/var/lib/gems/3.0.0/gems/commander-4.6.0/lib/commander/command.rb:157:in `run&apos;&#10;/var/lib/gems/3.0.0/gems/commander-4.6.0/lib/commander/runner.rb:444:in `run_active_command&apos;&#10;/var/lib/gems/3.0.0/gems/fastlane-2.210.1/fastlane_core/lib/fastlane_core/ui/fastlane_runner.rb:124:in `run!&apos;&#10;/var/lib/gems/3.0.0/gems/commander-4.6.0/lib/commander/delegates.rb:18:in `run!&apos;&#10;/var/lib/gems/3.0.0/gems/fastlane-2.210.1/fastlane/lib/fastlane/commands_generator.rb:354:in `run&apos;&#10;/var/lib/gems/3.0.0/gems/fastlane-2.210.1/fastlane/lib/fastlane/commands_generator.rb:43:in `start&apos;&#10;/var/lib/gems/3.0.0/gems/fastlane-2.210.1/fastlane/lib/fastlane/cli_tools_distributor.rb:123:in `take_off&apos;&#10;/var/lib/gems/3.0.0/gems/fastlane-2.210.1/bin/fastlane:23:in `&lt;top (required)&gt;&apos;&#10;/usr/local/bin/fastlane:25:in `load&apos;&#10;/usr/local/bin/fastlane:25:in `&lt;main&gt;&apos;&#10;&#10;Exit status of command &apos;/home/sylwester/StudioProjects/Android-Gradle-Plugins/gradlew publishToSonatype closeAndReleaseSonatypeStagingRepository -p .&apos; was 1 instead of 0.&#10;Configuration on demand is an incubating feature.&#10;&#10;&gt; Configure project :plugins&#10;Signing plugin detected. Will automatically sign the published artifacts.&#10;&#10;&gt; Task :plugins:generatePomFileForApplication.composePluginMarkerMavenPublication&#10;&gt; Task :version-catalog:generateCatalogAsToml UP-TO-DATE&#10;&gt; Task :version-catalog:generateMetadataFileForLibsPublication&#10;&gt; Task :version-catalog:generatePomFileForLibsPublication&#10;&gt; Task :plugins:signApplication.composePluginMarkerMavenPublication UP-TO-DATE&#10;&gt; Task :plugins:generatePomFileForApplicationPluginMarkerMavenPublication&#10;&gt; Task :version-catalog:signLibsPublication UP-TO-DATE&#10;&gt; Task :plugins:signApplicationPluginMarkerMavenPublication UP-TO-DATE&#10;&gt; Task :plugins:generatePomFileForFeaturePluginMarkerMavenPublication&#10;&gt; Task :plugins:signFeaturePluginMarkerMavenPublication UP-TO-DATE&#10;&gt; Task :plugins:generatePomFileForHiltPluginMarkerMavenPublication&#10;&gt; Task :plugins:signHiltPluginMarkerMavenPublication UP-TO-DATE&#10;&gt; Task :plugins:generatePomFileForLibrary.composePluginMarkerMavenPublication&#10;&gt; Task :plugins:signLibrary.composePluginMarkerMavenPublication UP-TO-DATE&#10;&gt; Task :plugins:generatePomFileForLibraryPluginMarkerMavenPublication&#10;&gt; Task :plugins:signLibraryPluginMarkerMavenPublication UP-TO-DATE&#10;&gt; Task :plugins:generatePomFileForNexusPluginMarkerMavenPublication&#10;&gt; Task :plugins:signNexusPluginMarkerMavenPublication UP-TO-DATE&#10;&gt; Task :plugins:compileKotlin UP-TO-DATE&#10;&gt; Task :plugins:compileJava NO-SOURCE&#10;&gt; Task :plugins:pluginDescriptors UP-TO-DATE&#10;&gt; Task :plugins:processResources UP-TO-DATE&#10;&gt; Task :plugins:classes UP-TO-DATE&#10;&gt; Task :plugins:inspectClassesForKotlinIC UP-TO-DATE&#10;&gt; Task :plugins:jar UP-TO-DATE&#10;&gt; Task :plugins:javadoc NO-SOURCE&#10;&gt; Task :plugins:javadocJar UP-TO-DATE&#10;&gt; Task :plugins:sourcesJar UP-TO-DATE&#10;&gt; Task :plugins:generateMetadataFileForPluginMavenPublication&#10;&gt; Task :plugins:generatePomFileForPluginMavenPublication&#10;&gt; Task :plugins:signPluginMavenPublication UP-TO-DATE&#10;&#10;&gt; Task :initializeSonatypeStagingRepository&#10;Created staging repository &apos;nonordicsemi-1330&apos; at https://oss.sonatype.org/service/local/repositories/nonordicsemi-1330/content/&#10;&#10;&gt; Task :plugins:publishApplication.composePluginMarkerMavenPublicationToSonatypeRepository&#10;&gt; Task :plugins:publishApplicationPluginMarkerMavenPublicationToSonatypeRepository&#10;&gt; Task :version-catalog:publishLibsPublicationToSonatypeRepository&#10;&gt; Task :version-catalog:publishToSonatype&#10;&gt; Task :plugins:publishFeaturePluginMarkerMavenPublicationToSonatypeRepository&#10;&gt; Task :plugins:publishHiltPluginMarkerMavenPublicationToSonatypeRepository&#10;&gt; Task :plugins:publishLibrary.composePluginMarkerMavenPublicationToSonatypeRepository&#10;&gt; Task :plugins:publishLibraryPluginMarkerMavenPublicationToSonatypeRepository&#10;&gt; Task :plugins:publishNexusPluginMarkerMavenPublicationToSonatypeRepository&#10;&gt; Task :plugins:publishPluginMavenPublicationToSonatypeRepository&#10;&gt; Task :plugins:publishToSonatype&#10;&gt; Task :closeSonatypeStagingRepository&#10;&gt; Task :closeSonatypeStagingRepository FAILED&#10;&#10;FAILURE: Build failed with an exception.&#10;&#10;* What went wrong:&#10;Execution failed for task &apos;:closeSonatypeStagingRepository&apos;.&#10;&gt; Staging repository is not in desired state [closed]: StagingRepository(id=nonordicsemi-1330, state=open, transitioning=false). It is unexpected. Please checkNexus logs using its web interface - it can be caused by validation rules violation. If not, please report it to https://github.com/gradle-nexus/publish-plugin/issues/ with &apos;--info&apos; logs&#10;&#10;* Try:&#10;&gt; Run with --stacktrace option to get the stack trace.&#10;&gt; Run with --info or --debug option to get more log output.&#10;&gt; Run with --scan to get full insights.&#10;&#10;* Get more help at https://help.gradle.org&#10;&#10;BUILD FAILED in 1m 36s&#10;39 actionable tasks: 22 executed, 17 up-to-date&#10;" />
        
      </testcase>
    
  </testsuite>
</testsuites>
